<?xml version="1.0" encoding="UTF-8"?>
<!-- Generated by org.testng.reporters.JUnitXMLReporter -->
<testsuite ignored="3" hostname="DESKTOP-MQ97479" failures="0" tests="2" name="Default test" time="37.925" errors="0" timestamp="2023-02-21T16:56:11 IST">
  <testcase classname="testcases.BedTest" name="bedstatus" time="1.137"/>
  <testcase classname="testcases.BedTest" name="bed" time="2.351"/>
  <testcase classname="testcases.BedTest" name="bedtype" time="0.0">
    <ignored/>
  </testcase> <!-- bedtype -->
  <testcase classname="testcases.BedTest" name="bedgroup" time="0.0">
    <ignored/>
  </testcase> <!-- bedgroup -->
  <testcase classname="testcases.BedTest" name="floor" time="0.0">
    <ignored/>
  </testcase> <!-- floor -->
</testsuite> <!-- Default test -->
